<?xml version="1.0" encoding="UTF-8"?>
<!-- Generated by org.testng.reporters.JUnitReportReporter -->
<testsuite skipped="0" hostname="LAPTOP-UVUDJI20" name="CaseDistribution.CaseManualDistribution5" tests="1" failures="0" timestamp="2020-08-25T17:48:09 IST" time="161.678" errors="0">
  <testcase name="CaseManualDistribution5" time="161.678" classname="CaseDistribution.CaseManualDistribution5"/>
  <system-out/>
</testsuite> <!-- CaseDistribution.CaseManualDistribution5 -->
