<?xml version="1.0" encoding="UTF-8"?>
<!-- Generated by org.testng.reporters.JUnitReportReporter -->
<testsuite skipped="0" hostname="DESKTOP-N57IU85" name="Onlineofflinescenario.Makeuseroffline3" tests="1" failures="0" timestamp="2020-10-14T11:58:25 IST" time="61.651" errors="0">
  <testcase name="Makeuseroffline3" time="61.651" classname="Onlineofflinescenario.Makeuseroffline3"/>
  <system-out/>
</testsuite> <!-- Onlineofflinescenario.Makeuseroffline3 -->
