<?xml version="1.0" encoding="UTF-8"?>
<!-- Generated by org.testng.reporters.JUnitReportReporter -->
<testsuite skipped="0" hostname="LAPTOP-UVUDJI20" name="AccountCreation_Allocation.AccountAllocation_config13" tests="1" failures="0" timestamp="2020-09-06T19:00:02 IST" time="278.078" errors="0">
  <testcase name="AccountCreation_config13" time="278.078" classname="AccountCreation_Allocation.AccountAllocation_config13"/>
  <system-out/>
</testsuite> <!-- AccountCreation_Allocation.AccountAllocation_config13 -->
