<?xml version="1.0" encoding="UTF-8"?>
<!-- Generated by org.testng.reporters.JUnitReportReporter -->
<testsuite skipped="0" hostname="DESKTOP-N57IU85" name="DemoScenario_one.CaseConfig3" tests="1" failures="0" timestamp="2020-09-25T12:01:57 IST" time="147.248" errors="0">
  <testcase name="TestCaseConfig3" time="147.248" classname="DemoScenario_one.CaseConfig3"/>
  <system-out/>
</testsuite> <!-- DemoScenario_one.CaseConfig3 -->
