<?xml version="1.0" encoding="UTF-8"?>
<!-- Generated by org.testng.reporters.JUnitReportReporter -->
<testsuite skipped="0" hostname="DESKTOP-N57IU85" name="Caseconfiguration.CaseConfig1" tests="1" failures="0" timestamp="2020-09-14T15:51:41 IST" time="142.125" errors="0">
  <testcase name="TestCaseConfig1" time="142.125" classname="Caseconfiguration.CaseConfig1"/>
  <system-out/>
</testsuite> <!-- Caseconfiguration.CaseConfig1 -->
