<?xml version="1.0" encoding="UTF-8"?>
<!-- Generated by org.testng.reporters.JUnitReportReporter -->
<testsuite skipped="0" hostname="LAPTOP-UVUDJI20" name="AccountCreation_Allocation.AccountAllocation_config11" tests="1" failures="0" timestamp="2020-09-06T18:38:13 IST" time="286.255" errors="0">
  <testcase name="AccountCreation_config11" time="286.255" classname="AccountCreation_Allocation.AccountAllocation_config11"/>
  <system-out/>
</testsuite> <!-- AccountCreation_Allocation.AccountAllocation_config11 -->
