<?xml version="1.0" encoding="UTF-8"?>
<!-- Generated by org.testng.reporters.JUnitReportReporter -->
<testsuite skipped="0" hostname="DESKTOP-N57IU85" name="DemoScenario_one.DefineTeam_Case" tests="1" failures="0" timestamp="2020-09-25T12:15:16 IST" time="630.276" errors="0">
  <testcase name="DefineTeamSetup_case" time="630.276" classname="DemoScenario_one.DefineTeam_Case"/>
  <system-out/>
</testsuite> <!-- DemoScenario_one.DefineTeam_Case -->
