<?xml version="1.0" encoding="UTF-8"?>
<!-- Generated by org.testng.reporters.JUnitReportReporter -->
<testsuite skipped="0" hostname="DESKTOP-N57IU85" name="CaseCreation_Allocation.PreRBACaseAllocation" tests="1" failures="0" timestamp="2020-09-15T12:16:18 IST" time="325.670" errors="0">
  <testcase name="PreRBAcaseAllocation" time="325.670" classname="CaseCreation_Allocation.PreRBACaseAllocation"/>
  <system-out/>
</testsuite> <!-- CaseCreation_Allocation.PreRBACaseAllocation -->
