<?xml version="1.0" encoding="UTF-8"?>
<!-- Generated by org.testng.reporters.JUnitReportReporter -->
<testsuite skipped="0" hostname="LAPTOP-UVUDJI20" name="Caseconfiguration.PreRbacaseconfig" tests="1" failures="0" timestamp="2020-08-20T20:19:31 IST" time="132.083" errors="0">
  <testcase name="PreRBAcaseconfig" time="132.083" classname="Caseconfiguration.PreRbacaseconfig"/>
  <system-out/>
</testsuite> <!-- Caseconfiguration.PreRbacaseconfig -->
