<?xml version="1.0" encoding="UTF-8"?>
<!-- Generated by org.testng.reporters.JUnitReportReporter -->
<testsuite skipped="0" hostname="LAPTOP-UVUDJI20" name="Accountconfiguration.AccountConfig10" tests="1" failures="0" timestamp="2020-09-06T18:21:37 IST" time="128.063" errors="0">
  <testcase name="TestAccountConfig10" time="128.063" classname="Accountconfiguration.AccountConfig10"/>
  <system-out/>
</testsuite> <!-- Accountconfiguration.AccountConfig10 -->
