<?xml version="1.0" encoding="UTF-8"?>
<!-- Generated by org.testng.reporters.JUnitReportReporter -->
<testsuite skipped="0" hostname="LAPTOP-UVUDJI20" name="Accountconfiguration.AccountConfig8" tests="1" failures="0" timestamp="2020-09-06T18:02:52 IST" time="129.160" errors="0">
  <testcase name="TestAccountConfig8" time="129.160" classname="Accountconfiguration.AccountConfig8"/>
  <system-out/>
</testsuite> <!-- Accountconfiguration.AccountConfig8 -->
