<?xml version="1.0" encoding="UTF-8"?>
<!-- Generated by org.testng.reporters.JUnitReportReporter -->
<testsuite skipped="0" hostname="DESKTOP-N57IU85" name="Onlineofflinescenario.CaseAllocation_config3" tests="1" failures="0" timestamp="2020-10-06T17:38:58 IST" time="866.178" errors="0">
  <testcase name="CaseCreation_config3" time="866.178" classname="Onlineofflinescenario.CaseAllocation_config3"/>
  <system-out/>
</testsuite> <!-- Onlineofflinescenario.CaseAllocation_config3 -->
