<?xml version="1.0" encoding="UTF-8"?>
<!-- Generated by org.testng.reporters.JUnitReportReporter -->
<testsuite skipped="0" hostname="LAPTOP-UVUDJI20" name="AccountCreation_Allocation.AccountAllocation_config3" tests="1" failures="0" timestamp="2020-09-06T17:16:20 IST" time="351.520" errors="0">
  <testcase name="AccountCreation_config1" time="351.520" classname="AccountCreation_Allocation.AccountAllocation_config3"/>
  <system-out/>
</testsuite> <!-- AccountCreation_Allocation.AccountAllocation_config3 -->
