<?xml version="1.0" encoding="UTF-8"?>
<!-- Generated by org.testng.reporters.JUnitReportReporter -->
<testsuite skipped="0" hostname="DESKTOP-N57IU85" name="DemoScenario_one.CaseAllocation_config31" tests="1" failures="0" timestamp="2020-09-25T12:38:20 IST" time="306.562" errors="0">
  <testcase name="CaseCreation_config31" time="306.562" classname="DemoScenario_one.CaseAllocation_config31"/>
  <system-out/>
</testsuite> <!-- DemoScenario_one.CaseAllocation_config31 -->
