<?xml version="1.0" encoding="UTF-8"?>
<!-- Generated by org.testng.reporters.JUnitReportReporter -->
<testsuite skipped="0" hostname="LAPTOP-UVUDJI20" name="CaseCreation_Allocation.CaseAllocation_config8" tests="1" failures="0" timestamp="2020-08-20T20:44:41 IST" time="296.883" errors="0">
  <testcase name="CaseCreation_config8" time="296.883" classname="CaseCreation_Allocation.CaseAllocation_config8"/>
  <system-out/>
</testsuite> <!-- CaseCreation_Allocation.CaseAllocation_config8 -->
