<?xml version="1.0" encoding="UTF-8"?>
<!-- Generated by org.testng.reporters.JUnitReportReporter -->
<testsuite skipped="0" hostname="DESKTOP-N57IU85" name="Caseconfiguration.preRbaCaseconfigonline" tests="1" failures="0" timestamp="2020-09-15T12:07:05 IST" time="133.307" errors="0">
  <testcase name="PreRBAcaseconfigOnline" time="133.307" classname="Caseconfiguration.preRbaCaseconfigonline"/>
  <system-out/>
</testsuite> <!-- Caseconfiguration.preRbaCaseconfigonline -->
