<?xml version="1.0" encoding="UTF-8"?>
<!-- Generated by org.testng.reporters.JUnitReportReporter -->
<testsuite skipped="0" hostname="DESKTOP-N57IU85" name="CaseCreation_Allocation.CaseAllocation_config4" tests="1" failures="0" timestamp="2020-09-15T12:39:51 IST" time="275.680" errors="0">
  <testcase name="CaseCreation_config4" time="275.680" classname="CaseCreation_Allocation.CaseAllocation_config4"/>
  <system-out/>
</testsuite> <!-- CaseCreation_Allocation.CaseAllocation_config4 -->
