<?xml version="1.0" encoding="UTF-8"?>
<!-- Generated by org.testng.reporters.JUnitReportReporter -->
<testsuite skipped="0" hostname="DESKTOP-N57IU85" name="AccountCreation_Allocation.AccountAllocation_config9" tests="1" failures="0" timestamp="2020-09-21T13:49:13 IST" time="360.234" errors="0">
  <testcase name="AccountCreation_config9" time="360.234" classname="AccountCreation_Allocation.AccountAllocation_config9"/>
  <system-out/>
</testsuite> <!-- AccountCreation_Allocation.AccountAllocation_config9 -->
