<?xml version="1.0" encoding="UTF-8"?>
<!-- Generated by org.testng.reporters.JUnitReportReporter -->
<testsuite skipped="0" hostname="LAPTOP-UVUDJI20" name="Accountconfiguration.AccountConfig5" tests="1" failures="0" timestamp="2020-09-06T17:25:44 IST" time="124.336" errors="0">
  <testcase name="TestAccountConfig5" time="124.336" classname="Accountconfiguration.AccountConfig5"/>
  <system-out/>
</testsuite> <!-- Accountconfiguration.AccountConfig5 -->
