<?xml version="1.0" encoding="UTF-8"?>
<!-- Generated by org.testng.reporters.JUnitReportReporter -->
<testsuite skipped="0" hostname="DESKTOP-N57IU85" name="AccountCreation_Allocation.AccountAllocation_config2" tests="1" failures="0" timestamp="2020-09-15T12:00:23 IST" time="224.246" errors="0">
  <testcase name="AccountCreation_config1" time="224.246" classname="AccountCreation_Allocation.AccountAllocation_config2"/>
  <system-out/>
</testsuite> <!-- AccountCreation_Allocation.AccountAllocation_config2 -->
