<?xml version="1.0" encoding="UTF-8"?>
<!-- Generated by org.testng.reporters.JUnitReportReporter -->
<testsuite skipped="0" hostname="LAPTOP-UVUDJI20" name="Accountconfiguration.AccountConfig7" tests="1" failures="0" timestamp="2020-09-06T17:48:24 IST" time="128.735" errors="0">
  <testcase name="TestAccountConfig7" time="128.735" classname="Accountconfiguration.AccountConfig7"/>
  <system-out/>
</testsuite> <!-- Accountconfiguration.AccountConfig7 -->
