<?xml version="1.0" encoding="UTF-8"?>
<!-- Generated by org.testng.reporters.JUnitReportReporter -->
<testsuite skipped="0" hostname="LAPTOP-UVUDJI20" name="Accountconfiguration.AccountConfig13" tests="1" failures="0" timestamp="2020-09-06T18:54:52 IST" time="127.901" errors="0">
  <testcase name="TestAccountConfig13" time="127.901" classname="Accountconfiguration.AccountConfig13"/>
  <system-out/>
</testsuite> <!-- Accountconfiguration.AccountConfig13 -->
