<?xml version="1.0" encoding="UTF-8"?>
<!-- Generated by org.testng.reporters.JUnitReportReporter -->
<testsuite skipped="0" hostname="DESKTOP-N57IU85" name="Onlineofflinescenario.CaseConfig2" tests="1" failures="0" timestamp="2020-10-14T11:58:25 IST" time="141.931" errors="0">
  <testcase name="TestCaseConfig2" time="141.931" classname="Onlineofflinescenario.CaseConfig2"/>
  <system-out/>
</testsuite> <!-- Onlineofflinescenario.CaseConfig2 -->
