<?xml version="1.0" encoding="UTF-8"?>
<!-- Generated by org.testng.reporters.JUnitReportReporter -->
<testsuite skipped="0" hostname="DESKTOP-N57IU85" name="AccountCreation_Allocation.AccountAllocation_config1" tests="1" failures="0" timestamp="2020-09-15T11:56:21 IST" time="75.503" errors="0">
  <testcase name="AccountCreation_config1" time="75.503" classname="AccountCreation_Allocation.AccountAllocation_config1"/>
  <system-out/>
</testsuite> <!-- AccountCreation_Allocation.AccountAllocation_config1 -->
