<?xml version="1.0" encoding="UTF-8"?>
<!-- Generated by org.testng.reporters.JUnitReportReporter -->
<testsuite skipped="0" hostname="LAPTOP-UVUDJI20" name="Accountconfiguration.AccountConfig2" tests="1" failures="0" timestamp="2020-09-06T14:24:24 IST" time="126.711" errors="0">
  <testcase name="TestAccountConfig2" time="126.711" classname="Accountconfiguration.AccountConfig2"/>
  <system-out/>
</testsuite> <!-- Accountconfiguration.AccountConfig2 -->
