<?xml version="1.0" encoding="UTF-8"?>
<!-- Generated by org.testng.reporters.JUnitReportReporter -->
<testsuite skipped="0" hostname="DESKTOP-N57IU85" name="Onlineofflinescenario.DefineTeam_Case" tests="1" failures="0" timestamp="2020-10-06T15:43:09 IST" time="383.365" errors="0">
  <testcase name="DefineTeamSetup_case" time="383.365" classname="Onlineofflinescenario.DefineTeam_Case"/>
  <system-out/>
</testsuite> <!-- Onlineofflinescenario.DefineTeam_Case -->
