<?xml version="1.0" encoding="UTF-8"?>
<!-- Generated by org.testng.reporters.JUnitReportReporter -->
<testsuite skipped="0" hostname="DESKTOP-N57IU85" name="DemoScenario.DefineTeam_Case" tests="1" failures="0" timestamp="2020-10-19T13:35:46 IST" time="220.277" errors="0">
  <testcase name="DefineTeamSetup_case" time="220.277" classname="DemoScenario.DefineTeam_Case"/>
  <system-out/>
</testsuite> <!-- DemoScenario.DefineTeam_Case -->
