<?xml version="1.0" encoding="UTF-8"?>
<!-- Generated by org.testng.reporters.JUnitReportReporter -->
<testsuite skipped="0" hostname="DESKTOP-N57IU85" name="DemoScenario.CaseConfig3" tests="1" failures="0" timestamp="2020-09-17T12:34:36 IST" time="136.958" errors="0">
  <testcase name="TestCaseConfig3" time="136.958" classname="DemoScenario.CaseConfig3"/>
  <system-out/>
</testsuite> <!-- DemoScenario.CaseConfig3 -->
