<?xml version="1.0" encoding="UTF-8"?>
<!-- Generated by org.testng.reporters.JUnitReportReporter -->
<testsuite skipped="0" hostname="LAPTOP-UVUDJI20" name="AccountCreation_Allocation.AccountAllocation_config7" tests="1" failures="0" timestamp="2020-09-06T17:52:02 IST" time="250.184" errors="0">
  <testcase name="AccountCreation_config7" time="250.184" classname="AccountCreation_Allocation.AccountAllocation_config7"/>
  <system-out/>
</testsuite> <!-- AccountCreation_Allocation.AccountAllocation_config7 -->
