<?xml version="1.0" encoding="UTF-8"?>
<!-- Generated by org.testng.reporters.JUnitReportReporter -->
<testsuite skipped="0" hostname="DESKTOP-N57IU85" name="Caseconfiguration.CaseConfig4" tests="1" failures="0" timestamp="2020-09-15T12:22:49 IST" time="133.416" errors="0">
  <testcase name="TestCaseConfig4" time="133.416" classname="Caseconfiguration.CaseConfig4"/>
  <system-out/>
</testsuite> <!-- Caseconfiguration.CaseConfig4 -->
