<?xml version="1.0" encoding="UTF-8"?>
<!-- Generated by org.testng.reporters.JUnitReportReporter -->
<testsuite skipped="0" hostname="LAPTOP-UVUDJI20" name="CaseCreation_Allocation.preRbaCaseAllocationconfig7" tests="1" failures="0" timestamp="2020-08-20T20:22:42 IST" time="168.753" errors="0">
  <testcase name="PreRBAcaseAllocation7" time="168.753" classname="CaseCreation_Allocation.preRbaCaseAllocationconfig7"/>
  <system-out/>
</testsuite> <!-- CaseCreation_Allocation.preRbaCaseAllocationconfig7 -->
