<?xml version="1.0" encoding="UTF-8"?>
<!-- Generated by org.testng.reporters.JUnitReportReporter -->
<testsuite skipped="0" hostname="DESKTOP-N57IU85" name="Accountconfiguration.AccountConfig9" tests="1" failures="0" timestamp="2020-09-21T13:40:34 IST" time="121.817" errors="0">
  <testcase name="TestAccountConfig9" time="121.817" classname="Accountconfiguration.AccountConfig9"/>
  <system-out/>
</testsuite> <!-- Accountconfiguration.AccountConfig9 -->
