<?xml version="1.0" encoding="UTF-8"?>
<!-- Generated by org.testng.reporters.JUnitReportReporter -->
<testsuite skipped="0" hostname="DESKTOP-N57IU85" name="AccountScenario.AccountConfig8" tests="1" failures="0" timestamp="2020-10-14T10:14:57 IST" time="121.139" errors="0">
  <testcase name="TestAccountConfig8" time="121.139" classname="AccountScenario.AccountConfig8"/>
  <system-out/>
</testsuite> <!-- AccountScenario.AccountConfig8 -->
