<?xml version="1.0" encoding="UTF-8"?>
<!-- Generated by org.testng.reporters.JUnitReportReporter -->
<testsuite skipped="0" hostname="LAPTOP-UVUDJI20" name="Accountconfiguration.AccountConfig11" tests="1" failures="0" timestamp="2020-09-06T18:30:31 IST" time="127.453" errors="0">
  <testcase name="TestAccountConfig11" time="127.453" classname="Accountconfiguration.AccountConfig11"/>
  <system-out/>
</testsuite> <!-- Accountconfiguration.AccountConfig11 -->
