<?xml version="1.0" encoding="UTF-8"?>
<!-- Generated by org.testng.reporters.JUnitReportReporter -->
<testsuite skipped="0" hostname="LAPTOP-UVUDJI20" name="CaseCreation_Allocation.PreRbaCaseAllocation8Online" tests="1" failures="0" timestamp="2020-08-20T20:37:13 IST" time="170.843" errors="0">
  <testcase name="PreRBAcaseAllocation8" time="170.843" classname="CaseCreation_Allocation.PreRbaCaseAllocation8Online"/>
  <system-out/>
</testsuite> <!-- CaseCreation_Allocation.PreRbaCaseAllocation8Online -->
