<?xml version="1.0" encoding="UTF-8"?>
<!-- Generated by org.testng.reporters.JUnitReportReporter -->
<testsuite skipped="0" hostname="DESKTOP-N57IU85" name="DemoScenario.CaseAllocation_config1" tests="1" failures="0" timestamp="2020-09-17T13:35:08 IST" time="417.918" errors="0">
  <testcase name="CaseCreation_config1" time="417.918" classname="DemoScenario.CaseAllocation_config1"/>
  <system-out/>
</testsuite> <!-- DemoScenario.CaseAllocation_config1 -->
