<?xml version="1.0" encoding="UTF-8"?>
<!-- Generated by org.testng.reporters.JUnitReportReporter -->
<testsuite skipped="0" hostname="LAPTOP-UVUDJI20" name="AccountCreation_Allocation.AccountAllocation_config10" tests="1" failures="0" timestamp="2020-09-06T18:27:45 IST" time="338.896" errors="0">
  <testcase name="AccountCreation_config10" time="338.896" classname="AccountCreation_Allocation.AccountAllocation_config10"/>
  <system-out/>
</testsuite> <!-- AccountCreation_Allocation.AccountAllocation_config10 -->
