<?xml version="1.0" encoding="UTF-8"?>
<!-- Generated by org.testng.reporters.JUnitReportReporter -->
<testsuite skipped="0" hostname="DESKTOP-N57IU85" name="AccountScenario.AccountAllocation_config8" tests="1" failures="0" timestamp="2020-10-14T10:20:40 IST" time="328.347" errors="0">
  <testcase name="AccountCreation_config8" time="328.347" classname="AccountScenario.AccountAllocation_config8"/>
  <system-out/>
</testsuite> <!-- AccountScenario.AccountAllocation_config8 -->
