<?xml version="1.0" encoding="UTF-8"?>
<!-- Generated by org.testng.reporters.JUnitReportReporter -->
<testsuite skipped="0" hostname="LAPTOP-UVUDJI20" name="OnlineUsers.Makeuseroffline" tests="1" failures="0" timestamp="2020-09-01T18:48:53 IST" time="64.542" errors="0">
  <testcase name="Makeuseroffline" time="64.542" classname="OnlineUsers.Makeuseroffline"/>
  <system-out/>
</testsuite> <!-- OnlineUsers.Makeuseroffline -->
