<?xml version="1.0" encoding="UTF-8"?>
<!-- Generated by org.testng.reporters.JUnitReportReporter -->
<testsuite skipped="0" hostname="DESKTOP-N57IU85" name="CaseCreation_Allocation.CaseAllocation_config1" tests="1" failures="0" timestamp="2020-09-14T17:49:03 IST" time="296.639" errors="0">
  <testcase name="CaseCreation_config1" time="296.639" classname="CaseCreation_Allocation.CaseAllocation_config1"/>
  <system-out/>
</testsuite> <!-- CaseCreation_Allocation.CaseAllocation_config1 -->
