<?xml version="1.0" encoding="UTF-8"?>
<!-- Generated by org.testng.reporters.JUnitReportReporter -->
<testsuite skipped="0" hostname="LAPTOP-UVUDJI20" name="CaseDistribution.CaseManualDistribution17" tests="1" failures="0" timestamp="2020-08-25T18:34:45 IST" time="165.464" errors="0">
  <testcase name="CaseManualDistribution9" time="165.464" classname="CaseDistribution.CaseManualDistribution17"/>
  <system-out/>
</testsuite> <!-- CaseDistribution.CaseManualDistribution17 -->
