<?xml version="1.0" encoding="UTF-8"?>
<!-- Generated by org.testng.reporters.JUnitReportReporter -->
<testsuite skipped="0" hostname="LAPTOP-UVUDJI20" name="DefineTeamSetup.DefineTeam" tests="1" failures="0" timestamp="2020-08-25T11:05:24 IST" time="2736.933" errors="0">
  <testcase name="DefineTeamSetup" time="2736.933" classname="DefineTeamSetup.DefineTeam"/>
  <system-out/>
</testsuite> <!-- DefineTeamSetup.DefineTeam -->
