<?xml version="1.0" encoding="UTF-8"?>
<!-- Generated by org.testng.reporters.JUnitReportReporter -->
<testsuite skipped="0" hostname="DESKTOP-N57IU85" name="AccountScenario.DefineTeam_Account" tests="1" failures="0" timestamp="2020-10-14T10:12:06 IST" time="150.778" errors="0">
  <testcase name="DefineTeamSetup_case" time="150.778" classname="AccountScenario.DefineTeam_Account"/>
  <system-out/>
</testsuite> <!-- AccountScenario.DefineTeam_Account -->
