<?xml version="1.0" encoding="UTF-8"?>
<!-- Generated by org.testng.reporters.JUnitReportReporter -->
<testsuite skipped="0" hostname="LAPTOP-UVUDJI20" name="DefineTeamSetup.DefineTeam_Case" tests="1" failures="0" timestamp="2020-08-25T17:15:15 IST" time="2455.751" errors="0">
  <testcase name="DefineTeamSetup_case" time="2455.751" classname="DefineTeamSetup.DefineTeam_Case"/>
  <system-out/>
</testsuite> <!-- DefineTeamSetup.DefineTeam_Case -->
