<?xml version="1.0" encoding="UTF-8"?>
<!-- Generated by org.testng.reporters.JUnitReportReporter -->
<testsuite skipped="0" hostname="LAPTOP-UVUDJI20" name="Testpackage.Testpackage1" tests="1" failures="0" timestamp="2020-08-24T11:12:40 IST" time="340.788" errors="0">
  <testcase name="CaseCreation_config1" time="340.788" classname="Testpackage.Testpackage1"/>
  <system-out/>
</testsuite> <!-- Testpackage.Testpackage1 -->
