<?xml version="1.0" encoding="UTF-8"?>
<!-- Generated by org.testng.reporters.JUnitReportReporter -->
<testsuite skipped="0" hostname="LAPTOP-UVUDJI20" name="Accountconfiguration.AccountConfig12" tests="1" failures="0" timestamp="2020-09-06T18:41:24 IST" time="127.918" errors="0">
  <testcase name="TestAccountConfig12" time="127.918" classname="Accountconfiguration.AccountConfig12"/>
  <system-out/>
</testsuite> <!-- Accountconfiguration.AccountConfig12 -->
