<?xml version="1.0" encoding="UTF-8"?>
<!-- Generated by org.testng.reporters.JUnitReportReporter -->
<testsuite skipped="0" hostname="DESKTOP-N57IU85" name="EditTeamSetupAccount.EditTeamAccountconfig9" tests="1" failures="0" timestamp="2020-09-21T18:48:57 IST" time="99.819" errors="0">
  <testcase name="EditTeamsetup" time="99.819" classname="EditTeamSetupAccount.EditTeamAccountconfig9"/>
  <system-out/>
</testsuite> <!-- EditTeamSetupAccount.EditTeamAccountconfig9 -->
