<?xml version="1.0" encoding="UTF-8"?>
<!-- Generated by org.testng.reporters.JUnitReportReporter -->
<testsuite skipped="0" hostname="DESKTOP-N57IU85" name="DemoScenario.CaseManualDistribution17" tests="1" failures="0" timestamp="2020-09-17T18:07:56 IST" time="234.224" errors="0">
  <testcase name="CaseManualDistribution9" time="234.224" classname="DemoScenario.CaseManualDistribution17"/>
  <system-out/>
</testsuite> <!-- DemoScenario.CaseManualDistribution17 -->
