<?xml version="1.0" encoding="UTF-8"?>
<!-- Generated by org.testng.reporters.JUnitReportReporter -->
<testsuite skipped="0" hostname="LAPTOP-UVUDJI20" name="DefineTeamSetup.DefineTeam_Account" tests="1" failures="0" timestamp="2020-09-06T13:57:14 IST" time="1908.478" errors="0">
  <testcase name="DefineTeamSetup_case" time="1908.478" classname="DefineTeamSetup.DefineTeam_Account"/>
  <system-out/>
</testsuite> <!-- DefineTeamSetup.DefineTeam_Account -->
