<?xml version="1.0" encoding="UTF-8"?>
<!-- Generated by org.testng.reporters.JUnitReportReporter -->
<testsuite skipped="0" hostname="LAPTOP-UVUDJI20" name="AccountCreation_Allocation.AccountAllocation_config12" tests="1" failures="0" timestamp="2020-09-06T18:50:12 IST" time="301.546" errors="0">
  <testcase name="AccountCreation_config12" time="301.546" classname="AccountCreation_Allocation.AccountAllocation_config12"/>
  <system-out/>
</testsuite> <!-- AccountCreation_Allocation.AccountAllocation_config12 -->
