<?xml version="1.0" encoding="UTF-8"?>
<!-- Generated by org.testng.reporters.JUnitReportReporter -->
<testsuite skipped="0" hostname="LAPTOP-UVUDJI20" name="CaseDistribution.CaseManualDistribution9" tests="1" failures="0" timestamp="2020-08-25T18:54:56 IST" time="161.559" errors="0">
  <testcase name="CaseManualDistribution9" time="161.559" classname="CaseDistribution.CaseManualDistribution9"/>
  <system-out/>
</testsuite> <!-- CaseDistribution.CaseManualDistribution9 -->
