<?xml version="1.0" encoding="UTF-8"?>
<!-- Generated by org.testng.reporters.JUnitReportReporter -->
<testsuite skipped="0" hostname="DESKTOP-N57IU85" name="DemoScenario.EditTeamSetupCase" tests="1" failures="0" timestamp="2020-09-17T18:03:52 IST" time="136.558" errors="0">
  <testcase name="EditTeamsetup" time="136.558" classname="DemoScenario.EditTeamSetupCase"/>
  <system-out/>
</testsuite> <!-- DemoScenario.EditTeamSetupCase -->
