<?xml version="1.0" encoding="UTF-8"?>
<!-- Generated by org.testng.reporters.JUnitReportReporter -->
<testsuite skipped="0" hostname="DESKTOP-N57IU85" name="AccountDistribution.ManualDistributionAccount9" tests="1" failures="0" timestamp="2020-09-21T18:58:39 IST" time="260.127" errors="0">
  <testcase name="AccountManualDistribution9" time="260.127" classname="AccountDistribution.ManualDistributionAccount9"/>
  <system-out/>
</testsuite> <!-- AccountDistribution.ManualDistributionAccount9 -->
