<?xml version="1.0" encoding="UTF-8"?>
<!-- Generated by org.testng.reporters.JUnitReportReporter -->
<testsuite skipped="0" hostname="LAPTOP-UVUDJI20" name="CaseCreation_Allocation.CaseAllocation_config9" tests="1" failures="0" timestamp="2020-08-25T18:51:44 IST" time="386.096" errors="0">
  <testcase name="CaseCreation_config9" time="386.096" classname="CaseCreation_Allocation.CaseAllocation_config9"/>
  <system-out/>
</testsuite> <!-- CaseCreation_Allocation.CaseAllocation_config9 -->
