<?xml version="1.0" encoding="UTF-8"?>
<!-- Generated by org.testng.reporters.JUnitReportReporter -->
<testsuite skipped="0" hostname="DESKTOP-N57IU85" name="Onlineofflinescenario.CaseAllocation_configRba" tests="1" failures="0" timestamp="2020-10-06T17:45:38 IST" time="191.937" errors="0">
  <testcase name="CaseCreation_configRba" time="191.937" classname="Onlineofflinescenario.CaseAllocation_configRba"/>
  <system-out/>
</testsuite> <!-- Onlineofflinescenario.CaseAllocation_configRba -->
