<?xml version="1.0" encoding="UTF-8"?>
<!-- Generated by org.testng.reporters.JUnitReportReporter -->
<testsuite skipped="0" hostname="LAPTOP-UVUDJI20" name="Accountconfiguration.AccountConfig6" tests="1" failures="0" timestamp="2020-09-06T17:40:20 IST" time="130.093" errors="0">
  <testcase name="TestAccountConfig6" time="130.093" classname="Accountconfiguration.AccountConfig6"/>
  <system-out/>
</testsuite> <!-- Accountconfiguration.AccountConfig6 -->
