<?xml version="1.0" encoding="UTF-8"?>
<!-- Generated by org.testng.reporters.JUnitReportReporter -->
<testsuite skipped="0" hostname="LAPTOP-UVUDJI20" name="AccountCreation_Allocation.AccountAllocation_config6" tests="1" failures="0" timestamp="2020-09-06T17:44:38 IST" time="243.443" errors="0">
  <testcase name="AccountCreation_config6" time="243.443" classname="AccountCreation_Allocation.AccountAllocation_config6"/>
  <system-out/>
</testsuite> <!-- AccountCreation_Allocation.AccountAllocation_config6 -->
