<?xml version="1.0" encoding="UTF-8"?>
<!-- Generated by org.testng.reporters.JUnitReportReporter -->
<testsuite skipped="0" hostname="DESKTOP-N57IU85" name="Caseconfiguration.CaseConfig3" tests="1" failures="0" timestamp="2020-09-14T18:30:49 IST" time="132.071" errors="0">
  <testcase name="TestCaseConfig3" time="132.071" classname="Caseconfiguration.CaseConfig3"/>
  <system-out/>
</testsuite> <!-- Caseconfiguration.CaseConfig3 -->
