<?xml version="1.0" encoding="UTF-8"?>
<!-- Generated by org.testng.reporters.JUnitReportReporter -->
<testsuite skipped="0" hostname="DESKTOP-N57IU85" name="CaseCreation_Allocation.CaseAllocation_config3" tests="1" failures="0" timestamp="2020-09-15T09:53:34 IST" time="274.121" errors="0">
  <testcase name="CaseCreation_config3" time="274.121" classname="CaseCreation_Allocation.CaseAllocation_config3"/>
  <system-out/>
</testsuite> <!-- CaseCreation_Allocation.CaseAllocation_config3 -->
