<?xml version="1.0" encoding="UTF-8"?>
<!-- Generated by org.testng.reporters.JUnitReportReporter -->
<testsuite skipped="0" hostname="LAPTOP-UVUDJI20" name="Accountconfiguration.AccountConfig4" tests="1" failures="0" timestamp="2020-09-06T17:18:58 IST" time="143.363" errors="0">
  <testcase name="TestAccountConfig4" time="143.363" classname="Accountconfiguration.AccountConfig4"/>
  <system-out/>
</testsuite> <!-- Accountconfiguration.AccountConfig4 -->
