<?xml version="1.0" encoding="UTF-8"?>
<!-- Generated by org.testng.reporters.JUnitReportReporter -->
<testsuite skipped="0" hostname="LAPTOP-UVUDJI20" name="Caseconfiguration.CaseConfig8" tests="1" failures="0" timestamp="2020-08-20T20:39:30 IST" time="117.447" errors="0">
  <testcase name="TestCaseConfig5" time="117.447" classname="Caseconfiguration.CaseConfig8"/>
  <system-out/>
</testsuite> <!-- Caseconfiguration.CaseConfig8 -->
