<?xml version="1.0" encoding="UTF-8"?>
<!-- Generated by org.testng.reporters.JUnitReportReporter -->
<testsuite skipped="0" hostname="DESKTOP-N57IU85" name="Accountconfiguration.AccountConfig1" tests="1" failures="0" timestamp="2020-10-19T14:06:34 IST" time="123.143" errors="0">
  <testcase name="TestAccountConfig1" time="123.143" classname="Accountconfiguration.AccountConfig1"/>
  <system-out/>
</testsuite> <!-- Accountconfiguration.AccountConfig1 -->
