<?xml version="1.0" encoding="UTF-8"?>
<!-- Generated by org.testng.reporters.JUnitReportReporter -->
<testsuite skipped="0" hostname="LAPTOP-UVUDJI20" name="AccountCreation_Allocation.AccountAllocation_config5" tests="1" failures="0" timestamp="2020-09-06T17:37:42 IST" time="313.072" errors="0">
  <testcase name="AccountCreation_config5" time="313.072" classname="AccountCreation_Allocation.AccountAllocation_config5"/>
  <system-out/>
</testsuite> <!-- AccountCreation_Allocation.AccountAllocation_config5 -->
