<?xml version="1.0" encoding="UTF-8"?>
<!-- Generated by org.testng.reporters.JUnitReportReporter -->
<testsuite skipped="0" hostname="LAPTOP-UVUDJI20" name="Caseconfiguration.CaseConfig2" tests="1" failures="0" timestamp="2020-08-20T18:46:45 IST" time="132.640" errors="0">
  <testcase name="TestCaseConfig2" time="132.640" classname="Caseconfiguration.CaseConfig2"/>
  <system-out/>
</testsuite> <!-- Caseconfiguration.CaseConfig2 -->
