<?xml version="1.0" encoding="UTF-8"?>
<!-- Generated by org.testng.reporters.JUnitReportReporter -->
<testsuite skipped="0" hostname="DESKTOP-N57IU85" name="CaseCreation_Allocation.CaseAllocation_config2" tests="1" failures="0" timestamp="2020-09-14T18:24:22 IST" time="321.196" errors="0">
  <testcase name="CaseCreation_config2" time="321.196" classname="CaseCreation_Allocation.CaseAllocation_config2"/>
  <system-out/>
</testsuite> <!-- CaseCreation_Allocation.CaseAllocation_config2 -->
