<?xml version="1.0" encoding="UTF-8"?>
<!-- Generated by org.testng.reporters.JUnitReportReporter -->
<testsuite skipped="0" hostname="DESKTOP-N57IU85" name="Onlineofflinescenario.CaseConfig2" tests="1" failures="0" timestamp="2020-10-06T15:25:23 IST" time="133.482" errors="0">
  <testcase name="TestCaseConfig2" time="133.482" classname="Onlineofflinescenario.CaseConfig2"/>
  <system-out/>
</testsuite> <!-- Onlineofflinescenario.CaseConfig2 -->
