<?xml version="1.0" encoding="UTF-8"?>
<!-- Generated by org.testng.reporters.JUnitReportReporter -->
<testsuite skipped="0" hostname="LAPTOP-UVUDJI20" name="AccountCreation_Allocation.AccountAllocation_config4" tests="1" failures="0" timestamp="2020-09-06T17:23:19 IST" time="253.644" errors="0">
  <testcase name="AccountCreation_config4" time="253.644" classname="AccountCreation_Allocation.AccountAllocation_config4"/>
  <system-out/>
</testsuite> <!-- AccountCreation_Allocation.AccountAllocation_config4 -->
