<?xml version="1.0" encoding="UTF-8"?>
<!-- Generated by org.testng.reporters.JUnitReportReporter -->
<testsuite skipped="0" hostname="LAPTOP-UVUDJI20" name="OnlineUsers.Online_usertest" tests="1" failures="0" timestamp="2020-09-01T18:47:34 IST" time="52.463" errors="0">
  <testcase name="onlineuser" time="52.463" classname="OnlineUsers.Online_usertest"/>
  <system-out/>
</testsuite> <!-- OnlineUsers.Online_usertest -->
