<?xml version="1.0" encoding="UTF-8"?>
<!-- Generated by org.testng.reporters.JUnitReportReporter -->
<testsuite skipped="0" hostname="DESKTOP-N57IU85" name="Onlineofflinescenario.CaseConfig4" tests="1" failures="0" timestamp="2020-10-14T11:58:25 IST" time="133.524" errors="0">
  <testcase name="TestCaseConfig4" time="133.524" classname="Onlineofflinescenario.CaseConfig4"/>
  <system-out/>
</testsuite> <!-- Onlineofflinescenario.CaseConfig4 -->
