<?xml version="1.0" encoding="UTF-8"?>
<!-- Generated by org.testng.reporters.JUnitReportReporter -->
<testsuite skipped="0" hostname="LAPTOP-UVUDJI20" name="Accountconfiguration.AccountConfig3" tests="1" failures="0" timestamp="2020-09-06T14:34:11 IST" time="123.288" errors="0">
  <testcase name="TestAccountConfig3" time="123.288" classname="Accountconfiguration.AccountConfig3"/>
  <system-out/>
</testsuite> <!-- Accountconfiguration.AccountConfig3 -->
